Build started 10/14/2012 8:04:37 PM.
     1>Project "\\psf\Home\Desktop\GitHub\intro-c-plus-plus\assignment8IfTemp\assignment8IfTemp\assignment8IfTemp.vcxproj" on node 2 (build target(s)).
     1>InitializeBuildStatus:
         Creating "Debug\assignment8IfTemp.unsuccessfulbuild" because "AlwaysCreate" was specified.
       ClCompile:
         c:\Program Files (x86)\Microsoft Visual Studio 10.0\VC\bin\CL.exe /c /ZI /nologo /W3 /WX- /Od /Oy- /D _MBCS /Gm /EHsc /RTC1 /MDd /GS /fp:precise /Zc:wchar_t /Zc:forScope /Fo"Debug\\" /Fd"Debug\vc100.pdb" /Gd /TP /analyze- /errorReport:prompt main.cpp
         main.cpp
     1>\\psf\home\desktop\github\intro-c-plus-plus\assignment8iftemp\assignment8iftemp\main.cpp(20): warning C4244: '=' : conversion from 'double' to 'float', possible loss of data
     1>\\psf\home\desktop\github\intro-c-plus-plus\assignment8iftemp\assignment8iftemp\main.cpp(25): warning C4244: '=' : conversion from 'double' to 'float', possible loss of data
       Link:
         c:\Program Files (x86)\Microsoft Visual Studio 10.0\VC\bin\link.exe /ERRORREPORT:PROMPT /OUT:"\\psf\Home\Desktop\GitHub\intro-c-plus-plus\assignment8IfTemp\Debug\assignment8IfTemp.exe" /NOLOGO kernel32.lib user32.lib gdi32.lib winspool.lib comdlg32.lib advapi32.lib shell32.lib ole32.lib oleaut32.lib uuid.lib odbc32.lib odbccp32.lib /MANIFEST /ManifestFile:"Debug\assignment8IfTemp.exe.intermediate.manifest" /MANIFESTUAC:"level='asInvoker' uiAccess='false'" /DEBUG /PDB:"\\psf\Home\Desktop\GitHub\intro-c-plus-plus\assignment8IfTemp\Debug\assignment8IfTemp.pdb" /TLBID:1 /DYNAMICBASE /NXCOMPAT /IMPLIB:"\\psf\Home\Desktop\GitHub\intro-c-plus-plus\assignment8IfTemp\Debug\assignment8IfTemp.lib" /MACHINE:X86 Debug\main.obj
         LINK : \\psf\Home\Desktop\GitHub\intro-c-plus-plus\assignment8IfTemp\Debug\assignment8IfTemp.exe not found or not built by the last incremental link; performing full link
         assignment8IfTemp.vcxproj -> \\psf\Home\Desktop\GitHub\intro-c-plus-plus\assignment8IfTemp\Debug\assignment8IfTemp.exe
       Manifest:
         C:\Program Files (x86)\Microsoft SDKs\Windows\v7.0A\bin\mt.exe /nologo /verbose /outputresource:"\\psf\Home\Desktop\GitHub\intro-c-plus-plus\assignment8IfTemp\Debug\assignment8IfTemp.exe;#1" /manifest Debug\assignment8IfTemp.exe.intermediate.manifest
       FinalizeBuildStatus:
         Deleting file "Debug\assignment8IfTemp.unsuccessfulbuild".
         Touching "Debug\assignment8IfTemp.lastbuildstate".
     1>Done Building Project "\\psf\Home\Desktop\GitHub\intro-c-plus-plus\assignment8IfTemp\assignment8IfTemp\assignment8IfTemp.vcxproj" (build target(s)).

Build succeeded.

Time Elapsed 00:00:05.34
