Build started 10/10/2012 1:33:17 PM.
     1>Project "C:\Users\500124870\Desktop\GitHub\intro-c-plus-plus\demoByRef\demoByRef\demoByRef.vcxproj" on node 2 (build target(s)).
     1>InitializeBuildStatus:
         Touching "Debug\demoByRef.unsuccessfulbuild".
       ClCompile:
         c:\Program Files (x86)\Microsoft Visual Studio 10.0\VC\bin\CL.exe /c /ZI /nologo /W3 /WX- /Od /Oy- /D _MBCS /Gm /EHsc /RTC1 /MDd /GS /fp:precise /Zc:wchar_t /Zc:forScope /Fo"Debug\\" /Fd"Debug\vc100.pdb" /Gd /TP /analyze- /errorReport:prompt main.cpp
         main.cpp
     1>c:\users\500124870\desktop\github\intro-c-plus-plus\demobyref\demobyref\main.cpp(11): warning C4305: 'initializing' : truncation from 'double' to 'float'
     1>c:\users\500124870\desktop\github\intro-c-plus-plus\demobyref\demobyref\main.cpp(12): warning C4101: 'grades2' : unreferenced local variable
       Link:
         c:\Program Files (x86)\Microsoft Visual Studio 10.0\VC\bin\link.exe /ERRORREPORT:PROMPT /OUT:"C:\Users\500124870\Desktop\GitHub\intro-c-plus-plus\demoByRef\Debug\demoByRef.exe" /NOLOGO kernel32.lib user32.lib gdi32.lib winspool.lib comdlg32.lib advapi32.lib shell32.lib ole32.lib oleaut32.lib uuid.lib odbc32.lib odbccp32.lib /MANIFEST /ManifestFile:"Debug\demoByRef.exe.intermediate.manifest" /MANIFESTUAC:"level='asInvoker' uiAccess='false'" /DEBUG /PDB:"C:\Users\500124870\Desktop\GitHub\intro-c-plus-plus\demoByRef\Debug\demoByRef.pdb" /TLBID:1 /DYNAMICBASE /NXCOMPAT /IMPLIB:"C:\Users\500124870\Desktop\GitHub\intro-c-plus-plus\demoByRef\Debug\demoByRef.lib" /MACHINE:X86 Debug\main.obj
         LINK : C:\Users\500124870\Desktop\GitHub\intro-c-plus-plus\demoByRef\Debug\demoByRef.exe not found or not built by the last incremental link; performing full link
         demoByRef.vcxproj -> C:\Users\500124870\Desktop\GitHub\intro-c-plus-plus\demoByRef\Debug\demoByRef.exe
       Manifest:
         C:\Program Files (x86)\Microsoft SDKs\Windows\v7.0A\bin\mt.exe /nologo /verbose /outputresource:"C:\Users\500124870\Desktop\GitHub\intro-c-plus-plus\demoByRef\Debug\demoByRef.exe;#1" /manifest Debug\demoByRef.exe.intermediate.manifest
       FinalizeBuildStatus:
         Deleting file "Debug\demoByRef.unsuccessfulbuild".
         Touching "Debug\demoByRef.lastbuildstate".
     1>Done Building Project "C:\Users\500124870\Desktop\GitHub\intro-c-plus-plus\demoByRef\demoByRef\demoByRef.vcxproj" (build target(s)).

Build succeeded.

Time Elapsed 00:00:00.62
