Build started 10/24/2012 2:04:52 PM.
     1>Project "C:\Users\500124870\Desktop\GitHub\intro-c-plus-plus\assignment14Array\assignment14Array\assignment14Array.vcxproj" on node 2 (build target(s)).
     1>PrepareForBuild:
         Creating directory "C:\Users\500124870\Desktop\GitHub\intro-c-plus-plus\assignment14Array\Debug\".
       InitializeBuildStatus:
         Creating "Debug\assignment14Array.unsuccessfulbuild" because "AlwaysCreate" was specified.
       ClCompile:
         c:\Program Files (x86)\Microsoft Visual Studio 10.0\VC\bin\CL.exe /c /ZI /nologo /W3 /WX- /Od /Oy- /D _MBCS /Gm /EHsc /RTC1 /MDd /GS /fp:precise /Zc:wchar_t /Zc:forScope /Fo"Debug\\" /Fd"Debug\vc100.pdb" /Gd /TP /analyze- /errorReport:prompt main.cpp
         main.cpp
       Link:
         c:\Program Files (x86)\Microsoft Visual Studio 10.0\VC\bin\link.exe /ERRORREPORT:PROMPT /OUT:"C:\Users\500124870\Desktop\GitHub\intro-c-plus-plus\assignment14Array\Debug\assignment14Array.exe" /NOLOGO kernel32.lib user32.lib gdi32.lib winspool.lib comdlg32.lib advapi32.lib shell32.lib ole32.lib oleaut32.lib uuid.lib odbc32.lib odbccp32.lib /MANIFEST /ManifestFile:"Debug\assignment14Array.exe.intermediate.manifest" /MANIFESTUAC:"level='asInvoker' uiAccess='false'" /DEBUG /PDB:"C:\Users\500124870\Desktop\GitHub\intro-c-plus-plus\assignment14Array\Debug\assignment14Array.pdb" /TLBID:1 /DYNAMICBASE /NXCOMPAT /IMPLIB:"C:\Users\500124870\Desktop\GitHub\intro-c-plus-plus\assignment14Array\Debug\assignment14Array.lib" /MACHINE:X86 Debug\main.obj
         assignment14Array.vcxproj -> C:\Users\500124870\Desktop\GitHub\intro-c-plus-plus\assignment14Array\Debug\assignment14Array.exe
       Manifest:
         C:\Program Files (x86)\Microsoft SDKs\Windows\v7.0A\bin\mt.exe /nologo /verbose /outputresource:"C:\Users\500124870\Desktop\GitHub\intro-c-plus-plus\assignment14Array\Debug\assignment14Array.exe;#1" /manifest Debug\assignment14Array.exe.intermediate.manifest
       FinalizeBuildStatus:
         Deleting file "Debug\assignment14Array.unsuccessfulbuild".
         Touching "Debug\assignment14Array.lastbuildstate".
     1>Done Building Project "C:\Users\500124870\Desktop\GitHub\intro-c-plus-plus\assignment14Array\assignment14Array\assignment14Array.vcxproj" (build target(s)).

Build succeeded.

Time Elapsed 00:00:01.20
