Build started 9/12/2012 1:52:43 PM.
     1>Project "C:\Users\500124870\Desktop\GitHub\intro-c-plus-plus\demoVariableOutput\demoVariableOutput\demoVariableOutput.vcxproj" on node 2 (build target(s)).
     1>InitializeBuildStatus:
         Touching "Debug\demoVariableOutput.unsuccessfulbuild".
       ClCompile:
         c:\Program Files (x86)\Microsoft Visual Studio 10.0\VC\bin\CL.exe /c /ZI /nologo /W3 /WX- /Od /Oy- /D _MBCS /Gm /EHsc /RTC1 /MDd /GS /fp:precise /Zc:wchar_t /Zc:forScope /Fo"Debug\\" /Fd"Debug\vc100.pdb" /Gd /TP /analyze- /errorReport:prompt main.cpp
         main.cpp
     1>c:\users\500124870\desktop\github\intro-c-plus-plus\demovariableoutput\demovariableoutput\main.cpp(10): warning C4996: 'getch': The POSIX name for this item is deprecated. Instead, use the ISO C++ conformant name: _getch. See online help for details.
                 c:\program files (x86)\microsoft visual studio 10.0\vc\include\conio.h(128) : see declaration of 'getch'
       Link:
         c:\Program Files (x86)\Microsoft Visual Studio 10.0\VC\bin\link.exe /ERRORREPORT:PROMPT /OUT:"C:\Users\500124870\Desktop\GitHub\intro-c-plus-plus\demoVariableOutput\Debug\demoVariableOutput.exe" /NOLOGO kernel32.lib user32.lib gdi32.lib winspool.lib comdlg32.lib advapi32.lib shell32.lib ole32.lib oleaut32.lib uuid.lib odbc32.lib odbccp32.lib /MANIFEST /ManifestFile:"Debug\demoVariableOutput.exe.intermediate.manifest" /MANIFESTUAC:"level='asInvoker' uiAccess='false'" /DEBUG /PDB:"C:\Users\500124870\Desktop\GitHub\intro-c-plus-plus\demoVariableOutput\Debug\demoVariableOutput.pdb" /TLBID:1 /DYNAMICBASE /NXCOMPAT /IMPLIB:"C:\Users\500124870\Desktop\GitHub\intro-c-plus-plus\demoVariableOutput\Debug\demoVariableOutput.lib" /MACHINE:X86 Debug\main.obj
         demoVariableOutput.vcxproj -> C:\Users\500124870\Desktop\GitHub\intro-c-plus-plus\demoVariableOutput\Debug\demoVariableOutput.exe
       Manifest:
         C:\Program Files (x86)\Microsoft SDKs\Windows\v7.0A\bin\mt.exe /nologo /verbose /outputresource:"C:\Users\500124870\Desktop\GitHub\intro-c-plus-plus\demoVariableOutput\Debug\demoVariableOutput.exe;#1" /manifest Debug\demoVariableOutput.exe.intermediate.manifest
       FinalizeBuildStatus:
         Deleting file "Debug\demoVariableOutput.unsuccessfulbuild".
         Touching "Debug\demoVariableOutput.lastbuildstate".
     1>Done Building Project "C:\Users\500124870\Desktop\GitHub\intro-c-plus-plus\demoVariableOutput\demoVariableOutput\demoVariableOutput.vcxproj" (build target(s)).

Build succeeded.

Time Elapsed 00:00:01.84
