Build started 9/17/2012 12:29:54 PM.
     1>Project "C:\Users\500124870\Desktop\GitHub\intro-c-plus-plus\assignment4Average\assignment4Average\assignment4Average.vcxproj" on node 2 (build target(s)).
     1>InitializeBuildStatus:
         Creating "Debug\assignment4Average.unsuccessfulbuild" because "AlwaysCreate" was specified.
       ClCompile:
         c:\Program Files (x86)\Microsoft Visual Studio 10.0\VC\bin\CL.exe /c /ZI /nologo /W3 /WX- /Od /Oy- /D _MBCS /Gm /EHsc /RTC1 /MDd /GS /fp:precise /Zc:wchar_t /Zc:forScope /Fo"Debug\\" /Fd"Debug\vc100.pdb" /Gd /TP /analyze- /errorReport:prompt main.cpp
         main.cpp
     1>c:\users\500124870\desktop\github\intro-c-plus-plus\assignment4average\assignment4average\main.cpp(10): warning C4244: 'initializing' : conversion from 'double' to 'int', possible loss of data
     1>c:\users\500124870\desktop\github\intro-c-plus-plus\assignment4average\assignment4average\main.cpp(11): warning C4244: 'initializing' : conversion from 'double' to 'int', possible loss of data
     1>c:\users\500124870\desktop\github\intro-c-plus-plus\assignment4average\assignment4average\main.cpp(12): warning C4244: 'initializing' : conversion from 'double' to 'int', possible loss of data
     1>c:\users\500124870\desktop\github\intro-c-plus-plus\assignment4average\assignment4average\main.cpp(32): warning C4996: 'getch': The POSIX name for this item is deprecated. Instead, use the ISO C++ conformant name: _getch. See online help for details.
                 c:\program files (x86)\microsoft visual studio 10.0\vc\include\conio.h(128) : see declaration of 'getch'
       Link:
         c:\Program Files (x86)\Microsoft Visual Studio 10.0\VC\bin\link.exe /ERRORREPORT:PROMPT /OUT:"C:\Users\500124870\Desktop\GitHub\intro-c-plus-plus\assignment4Average\Debug\assignment4Average.exe" /NOLOGO kernel32.lib user32.lib gdi32.lib winspool.lib comdlg32.lib advapi32.lib shell32.lib ole32.lib oleaut32.lib uuid.lib odbc32.lib odbccp32.lib /MANIFEST /ManifestFile:"Debug\assignment4Average.exe.intermediate.manifest" /MANIFESTUAC:"level='asInvoker' uiAccess='false'" /DEBUG /PDB:"C:\Users\500124870\Desktop\GitHub\intro-c-plus-plus\assignment4Average\Debug\assignment4Average.pdb" /TLBID:1 /DYNAMICBASE /NXCOMPAT /IMPLIB:"C:\Users\500124870\Desktop\GitHub\intro-c-plus-plus\assignment4Average\Debug\assignment4Average.lib" /MACHINE:X86 Debug\main.obj
         LINK : C:\Users\500124870\Desktop\GitHub\intro-c-plus-plus\assignment4Average\Debug\assignment4Average.exe not found or not built by the last incremental link; performing full link
         assignment4Average.vcxproj -> C:\Users\500124870\Desktop\GitHub\intro-c-plus-plus\assignment4Average\Debug\assignment4Average.exe
       Manifest:
         C:\Program Files (x86)\Microsoft SDKs\Windows\v7.0A\bin\mt.exe /nologo /verbose /outputresource:"C:\Users\500124870\Desktop\GitHub\intro-c-plus-plus\assignment4Average\Debug\assignment4Average.exe;#1" /manifest Debug\assignment4Average.exe.intermediate.manifest
       FinalizeBuildStatus:
         Deleting file "Debug\assignment4Average.unsuccessfulbuild".
         Touching "Debug\assignment4Average.lastbuildstate".
     1>Done Building Project "C:\Users\500124870\Desktop\GitHub\intro-c-plus-plus\assignment4Average\assignment4Average\assignment4Average.vcxproj" (build target(s)).

Build succeeded.

Time Elapsed 00:00:00.73
