Build started 9/10/2012 3:46:00 AM.
     1>Project "\\psf\Home\Desktop\assignment2Cout\assignment2Cout\assignment2Cout.vcxproj" on node 2 (build target(s)).
     1>InitializeBuildStatus:
         Creating "Debug\assignment2Cout.unsuccessfulbuild" because "AlwaysCreate" was specified.
       ClCompile:
         c:\Program Files (x86)\Microsoft Visual Studio 10.0\VC\bin\CL.exe /c /ZI /nologo /W3 /WX- /Od /Oy- /D _MBCS /Gm /EHsc /RTC1 /MDd /GS /fp:precise /Zc:wchar_t /Zc:forScope /Fo"Debug\\" /Fd"Debug\vc100.pdb" /Gd /TP /analyze- /errorReport:prompt main.cpp
         main.cpp
     1>\\psf\home\desktop\assignment2cout\assignment2cout\main.cpp(14): warning C4996: 'getch': The POSIX name for this item is deprecated. Instead, use the ISO C++ conformant name: _getch. See online help for details.
                 c:\program files (x86)\microsoft visual studio 10.0\vc\include\conio.h(128) : see declaration of 'getch'
       Link:
         c:\Program Files (x86)\Microsoft Visual Studio 10.0\VC\bin\link.exe /ERRORREPORT:PROMPT /OUT:"\\psf\Home\Desktop\assignment2Cout\Debug\assignment2Cout.exe" /NOLOGO kernel32.lib user32.lib gdi32.lib winspool.lib comdlg32.lib advapi32.lib shell32.lib ole32.lib oleaut32.lib uuid.lib odbc32.lib odbccp32.lib /MANIFEST /ManifestFile:"Debug\assignment2Cout.exe.intermediate.manifest" /MANIFESTUAC:"level='asInvoker' uiAccess='false'" /DEBUG /PDB:"\\psf\Home\Desktop\assignment2Cout\Debug\assignment2Cout.pdb" /TLBID:1 /DYNAMICBASE /NXCOMPAT /IMPLIB:"\\psf\Home\Desktop\assignment2Cout\Debug\assignment2Cout.lib" /MACHINE:X86 Debug\main.obj
         LINK : \\psf\Home\Desktop\assignment2Cout\Debug\assignment2Cout.exe not found or not built by the last incremental link; performing full link
         assignment2Cout.vcxproj -> \\psf\Home\Desktop\assignment2Cout\Debug\assignment2Cout.exe
       Manifest:
         C:\Program Files (x86)\Microsoft SDKs\Windows\v7.0A\bin\mt.exe /nologo /verbose /outputresource:"\\psf\Home\Desktop\assignment2Cout\Debug\assignment2Cout.exe;#1" /manifest Debug\assignment2Cout.exe.intermediate.manifest
       FinalizeBuildStatus:
         Deleting file "Debug\assignment2Cout.unsuccessfulbuild".
         Touching "Debug\assignment2Cout.lastbuildstate".
     1>Done Building Project "\\psf\Home\Desktop\assignment2Cout\assignment2Cout\assignment2Cout.vcxproj" (build target(s)).

Build succeeded.

Time Elapsed 00:00:41.17
